2023-07-18 22:59:10.1316|12|DEBUG|Microsoft.AspNetCore.Mvc.ModelBinding.ModelBinderFactory|Registered model binder providers, in the following order: Microsoft.AspNetCore.Mvc.ModelBinding.Binders.BinderTypeModelBinderProvider, Microsoft.AspNetCore.Mvc.ModelBinding.Binders.ServicesModelBinderProvider, Microsoft.AspNetCore.Mvc.ModelBinding.Binders.BodyModelBinderProvider, Microsoft.AspNetCore.Mvc.ModelBinding.Binders.HeaderModelBinderProvider, Microsoft.AspNetCore.Mvc.ModelBinding.Binders.FloatingPointTypeModelBinderProvider, Microsoft.AspNetCore.Mvc.ModelBinding.Binders.EnumTypeModelBinderProvider, Microsoft.AspNetCore.Mvc.ModelBinding.Binders.DateTimeModelBinderProvider, Microsoft.AspNetCore.Mvc.ModelBinding.Binders.SimpleTypeModelBinderProvider, Microsoft.AspNetCore.Mvc.ModelBinding.Binders.CancellationTokenModelBinderProvider, Microsoft.AspNetCore.Mvc.ModelBinding.Binders.ByteArrayModelBinderProvider, Microsoft.AspNetCore.Mvc.ModelBinding.Binders.FormFileModelBinderProvider, Microsoft.AspNetCore.Mvc.ModelBinding.Binders.FormCollectionModelBinderProvider, Microsoft.AspNetCore.Mvc.ModelBinding.Binders.KeyValuePairModelBinderProvider, Microsoft.AspNetCore.Mvc.ModelBinding.Binders.DictionaryModelBinderProvider, Microsoft.AspNetCore.Mvc.ModelBinding.Binders.ArrayModelBinderProvider, Microsoft.AspNetCore.Mvc.ModelBinding.Binders.CollectionModelBinderProvider, Microsoft.AspNetCore.Mvc.ModelBinding.Binders.ComplexObjectModelBinderProvider 
2023-07-18 22:59:10.1936|1|DEBUG|Microsoft.Extensions.Hosting.Internal.Host|Hosting starting 
2023-07-18 22:59:10.2583|13|DEBUG|Microsoft.AspNetCore.Hosting.Diagnostics|Loaded hosting startup assembly BudgetAPI 
2023-07-18 22:59:10.2583|13|DEBUG|Microsoft.AspNetCore.Hosting.Diagnostics|Loaded hosting startup assembly Microsoft.AspNetCore.Watch.BrowserRefresh 
2023-07-18 22:59:10.2583|13|DEBUG|Microsoft.AspNetCore.Hosting.Diagnostics|Loaded hosting startup assembly Microsoft.WebTools.BrowserLink.Net 
2023-07-18 22:59:10.2583|0|INFO|Microsoft.Hosting.Lifetime|Application started. Press Ctrl+C to shut down. 
2023-07-18 22:59:10.2666|0|INFO|Microsoft.Hosting.Lifetime|Hosting environment: Development 
2023-07-18 22:59:10.2666|0|INFO|Microsoft.Hosting.Lifetime|Content root path: C:\Users\Adam\Desktop\Programowanie\BudgetAPI\BudgetAPI\ 
2023-07-18 22:59:10.2666|2|DEBUG|Microsoft.Extensions.Hosting.Internal.Host|Hosting started 
2023-07-18 22:59:10.2828|1|INFO|Microsoft.AspNetCore.Hosting.Diagnostics|Request starting HTTP/2 GET https://localhost:44355/swagger/index.html - - 
2023-07-18 22:59:10.3114|0|DEBUG|Microsoft.AspNetCore.HostFiltering.HostFilteringMiddleware|Wildcard detected, all requests with hosts will be allowed. 
2023-07-18 22:59:10.3114|2|TRACE|Microsoft.AspNetCore.HostFiltering.HostFilteringMiddleware|All hosts are allowed. 
2023-07-18 22:59:10.3472|1000|DEBUG|Microsoft.AspNetCore.Routing.Matching.DfaMatcher|No candidates found for the request path '/swagger/index.html' 
2023-07-18 22:59:10.3472|2|DEBUG|Microsoft.AspNetCore.Routing.EndpointRoutingMiddleware|Request did not match any endpoints 
2023-07-18 22:59:10.5551|1|DEBUG|Microsoft.AspNetCore.Watch.BrowserRefresh.BrowserRefreshMiddleware|Response markup is scheduled to include browser refresh script injection. 
2023-07-18 22:59:10.5766|2|DEBUG|Microsoft.AspNetCore.Watch.BrowserRefresh.BrowserRefreshMiddleware|Response markup was updated to include browser refresh script injection. 
2023-07-18 22:59:10.5863|1|DEBUG|Microsoft.AspNetCore.Server.IIS.Core.IISHttpServer|Connection ID "18374686511347007493" disconnecting. 
2023-07-18 22:59:10.5863|2|INFO|Microsoft.AspNetCore.Hosting.Diagnostics|Request finished HTTP/2 GET https://localhost:44355/swagger/index.html - - - 200 - text/html;charset=utf-8 306.0807ms 
2023-07-18 22:59:10.6210|1|INFO|Microsoft.AspNetCore.Hosting.Diagnostics|Request starting HTTP/2 GET https://localhost:44355/_vs/browserLink - - 
2023-07-18 22:59:10.6210|1|INFO|Microsoft.AspNetCore.Hosting.Diagnostics|Request starting HTTP/2 GET https://localhost:44355/_framework/aspnetcore-browser-refresh.js - - 
2023-07-18 22:59:10.6339|1|DEBUG|Microsoft.AspNetCore.Server.IIS.Core.IISHttpServer|Connection ID "18374686485577203721" disconnecting. 
2023-07-18 22:59:10.6339|2|INFO|Microsoft.AspNetCore.Hosting.Diagnostics|Request finished HTTP/2 GET https://localhost:44355/_framework/aspnetcore-browser-refresh.js - - - 200 11988 application/javascript;+charset=utf-8 5.7164ms 
2023-07-18 22:59:10.6865|1|DEBUG|Microsoft.AspNetCore.Server.IIS.Core.IISHttpServer|Connection ID "18374686481282236431" disconnecting. 
2023-07-18 22:59:10.6865|2|INFO|Microsoft.AspNetCore.Hosting.Diagnostics|Request finished HTTP/2 GET https://localhost:44355/_vs/browserLink - - - 200 - text/javascript;+charset=UTF-8 65.7077ms 
2023-07-18 22:59:11.0269|1|INFO|Microsoft.AspNetCore.Hosting.Diagnostics|Request starting HTTP/2 GET https://localhost:44355/swagger/v1/swagger.json - - 
2023-07-18 22:59:11.0269|2|TRACE|Microsoft.AspNetCore.HostFiltering.HostFilteringMiddleware|All hosts are allowed. 
2023-07-18 22:59:11.0269|1000|DEBUG|Microsoft.AspNetCore.Routing.Matching.DfaMatcher|No candidates found for the request path '/swagger/v1/swagger.json' 
2023-07-18 22:59:11.0269|2|DEBUG|Microsoft.AspNetCore.Routing.EndpointRoutingMiddleware|Request did not match any endpoints 
2023-07-18 22:59:11.1545|2|INFO|Microsoft.AspNetCore.Hosting.Diagnostics|Request finished HTTP/2 GET https://localhost:44355/swagger/v1/swagger.json - - - 200 - application/json;charset=utf-8 127.4923ms 
2023-07-18 22:59:16.6443|1|INFO|Microsoft.AspNetCore.Hosting.Diagnostics|Request starting HTTP/1.1 GET https://localhost:44355/api/budget - - 
2023-07-18 22:59:16.6443|2|TRACE|Microsoft.AspNetCore.HostFiltering.HostFilteringMiddleware|All hosts are allowed. 
2023-07-18 22:59:16.6443|1001|DEBUG|Microsoft.AspNetCore.Routing.Matching.DfaMatcher|1 candidate(s) found for the request path '/api/budget' 
2023-07-18 22:59:16.6443|1005|DEBUG|Microsoft.AspNetCore.Routing.Matching.DfaMatcher|Endpoint 'BudgetAPI.Controllers.BudgetController.GetAll (BudgetAPI)' with route pattern 'api/budget' is valid for the request path '/api/budget' 
2023-07-18 22:59:16.6443|1|DEBUG|Microsoft.AspNetCore.Routing.EndpointRoutingMiddleware|Request matched endpoint 'BudgetAPI.Controllers.BudgetController.GetAll (BudgetAPI)' 
2023-07-18 22:59:23.5183|15|DEBUG|Microsoft.AspNetCore.StaticFiles.StaticFileMiddleware|Static files was skipped as the request already matched an endpoint. 
2023-07-18 22:59:23.5183|0|INFO|Microsoft.AspNetCore.Routing.EndpointMiddleware|Executing endpoint 'BudgetAPI.Controllers.BudgetController.GetAll (BudgetAPI)' 
2023-07-18 22:59:23.5183|3|INFO|Microsoft.AspNetCore.Mvc.Infrastructure.ControllerActionInvoker|Route matched with {action = "GetAll", controller = "Budget"}. Executing controller action with signature Microsoft.AspNetCore.Mvc.ActionResult`1[System.Collections.Generic.IEnumerable`1[BudgetAPI.Models.BudgetDto]] GetAll() on controller BudgetAPI.Controllers.BudgetController (BudgetAPI). 
2023-07-18 22:59:23.5183|1|DEBUG|Microsoft.AspNetCore.Mvc.Infrastructure.ControllerActionInvoker|Execution plan of authorization filters (in the following order): None 
2023-07-18 22:59:23.5183|1|DEBUG|Microsoft.AspNetCore.Mvc.Infrastructure.ControllerActionInvoker|Execution plan of resource filters (in the following order): None 
2023-07-18 22:59:23.5183|1|DEBUG|Microsoft.AspNetCore.Mvc.Infrastructure.ControllerActionInvoker|Execution plan of action filters (in the following order): Microsoft.AspNetCore.Mvc.ModelBinding.UnsupportedContentTypeFilter (Order: -3000), Microsoft.AspNetCore.Mvc.Infrastructure.ModelStateInvalidFilter (Order: -2000) 
2023-07-18 22:59:23.5183|1|DEBUG|Microsoft.AspNetCore.Mvc.Infrastructure.ControllerActionInvoker|Execution plan of exception filters (in the following order): None 
2023-07-18 22:59:23.5183|1|DEBUG|Microsoft.AspNetCore.Mvc.Infrastructure.ControllerActionInvoker|Execution plan of result filters (in the following order): Microsoft.AspNetCore.Mvc.Infrastructure.ClientErrorResultFilter (Order: -2000) 
2023-07-18 22:59:23.5183|1|DEBUG|Microsoft.AspNetCore.Mvc.Infrastructure.ControllerActionInvoker|Executing controller factory for controller BudgetAPI.Controllers.BudgetController (BudgetAPI) 
2023-07-18 22:59:23.6586|2|DEBUG|Microsoft.AspNetCore.Mvc.Infrastructure.ControllerActionInvoker|Executed controller factory for controller BudgetAPI.Controllers.BudgetController (BudgetAPI) 
2023-07-18 22:59:23.6586|2|TRACE|Microsoft.AspNetCore.Mvc.Infrastructure.ControllerActionInvoker|Action Filter: Before executing OnActionExecuting on filter Microsoft.AspNetCore.Mvc.ModelBinding.UnsupportedContentTypeFilter. 
2023-07-18 22:59:23.6586|3|TRACE|Microsoft.AspNetCore.Mvc.Infrastructure.ControllerActionInvoker|Action Filter: After executing OnActionExecuting on filter Microsoft.AspNetCore.Mvc.ModelBinding.UnsupportedContentTypeFilter. 
2023-07-18 22:59:23.6586|2|TRACE|Microsoft.AspNetCore.Mvc.Infrastructure.ControllerActionInvoker|Action Filter: Before executing OnActionExecuting on filter Microsoft.AspNetCore.Mvc.Infrastructure.ModelStateInvalidFilter. 
2023-07-18 22:59:23.6586|3|TRACE|Microsoft.AspNetCore.Mvc.Infrastructure.ControllerActionInvoker|Action Filter: After executing OnActionExecuting on filter Microsoft.AspNetCore.Mvc.Infrastructure.ModelStateInvalidFilter. 
2023-07-18 22:59:23.7055|1|INFO|Microsoft.AspNetCore.Mvc.Infrastructure.ControllerActionInvoker|Executing action method BudgetAPI.Controllers.BudgetController.GetAll (BudgetAPI) - Validation state: Valid 
2023-07-18 22:59:24.0308|2|INFO|Microsoft.AspNetCore.Mvc.Infrastructure.ControllerActionInvoker|Executed action method BudgetAPI.Controllers.BudgetController.GetAll (BudgetAPI), returned result Microsoft.AspNetCore.Mvc.OkObjectResult in 320.5385ms. 
2023-07-18 22:59:24.0308|2|TRACE|Microsoft.AspNetCore.Mvc.Infrastructure.ControllerActionInvoker|Action Filter: Before executing OnActionExecuted on filter Microsoft.AspNetCore.Mvc.Infrastructure.ModelStateInvalidFilter. 
2023-07-18 22:59:24.0308|3|TRACE|Microsoft.AspNetCore.Mvc.Infrastructure.ControllerActionInvoker|Action Filter: After executing OnActionExecuted on filter Microsoft.AspNetCore.Mvc.Infrastructure.ModelStateInvalidFilter. 
2023-07-18 22:59:24.0308|2|TRACE|Microsoft.AspNetCore.Mvc.Infrastructure.ControllerActionInvoker|Action Filter: Before executing OnActionExecuted on filter Microsoft.AspNetCore.Mvc.ModelBinding.UnsupportedContentTypeFilter. 
2023-07-18 22:59:24.0308|3|TRACE|Microsoft.AspNetCore.Mvc.Infrastructure.ControllerActionInvoker|Action Filter: After executing OnActionExecuted on filter Microsoft.AspNetCore.Mvc.ModelBinding.UnsupportedContentTypeFilter. 
2023-07-18 22:59:24.0308|2|TRACE|Microsoft.AspNetCore.Mvc.Infrastructure.ControllerActionInvoker|Result Filter: Before executing OnResultExecuting on filter Microsoft.AspNetCore.Mvc.Infrastructure.ClientErrorResultFilter. 
2023-07-18 22:59:24.0308|3|TRACE|Microsoft.AspNetCore.Mvc.Infrastructure.ControllerActionInvoker|Result Filter: After executing OnResultExecuting on filter Microsoft.AspNetCore.Mvc.Infrastructure.ClientErrorResultFilter. 
2023-07-18 22:59:24.0322|4|TRACE|Microsoft.AspNetCore.Mvc.Infrastructure.ControllerActionInvoker|Before executing action result Microsoft.AspNetCore.Mvc.OkObjectResult. 
2023-07-18 22:59:24.0322|11|DEBUG|Microsoft.AspNetCore.Mvc.Infrastructure.DefaultOutputFormatterSelector|List of registered output formatters, in the following order: Microsoft.AspNetCore.Mvc.Formatters.HttpNoContentOutputFormatter, Microsoft.AspNetCore.Mvc.Formatters.StringOutputFormatter, Microsoft.AspNetCore.Mvc.Formatters.StreamOutputFormatter, Microsoft.AspNetCore.Mvc.Formatters.SystemTextJsonOutputFormatter 
2023-07-18 22:59:24.0322|4|DEBUG|Microsoft.AspNetCore.Mvc.Infrastructure.DefaultOutputFormatterSelector|No information found on request to perform content negotiation. 
2023-07-18 22:59:24.0322|8|DEBUG|Microsoft.AspNetCore.Mvc.Infrastructure.DefaultOutputFormatterSelector|Attempting to select an output formatter without using a content type as no explicit content types were specified for the response. 
2023-07-18 22:59:24.0322|10|DEBUG|Microsoft.AspNetCore.Mvc.Infrastructure.DefaultOutputFormatterSelector|Attempting to select the first formatter in the output formatters list which can write the result. 
2023-07-18 22:59:24.0322|2|DEBUG|Microsoft.AspNetCore.Mvc.Infrastructure.DefaultOutputFormatterSelector|Selected output formatter 'Microsoft.AspNetCore.Mvc.Formatters.SystemTextJsonOutputFormatter' and content type 'application/json' to write the response. 
2023-07-18 22:59:24.0322|1|INFO|Microsoft.AspNetCore.Mvc.Infrastructure.ObjectResultExecutor|Executing OkObjectResult, writing value of type 'System.Collections.Generic.List`1[[BudgetAPI.Models.BudgetDto, BudgetAPI, Version=1.0.0.0, Culture=neutral, PublicKeyToken=null]]'. 
2023-07-18 22:59:24.0322|5|TRACE|Microsoft.AspNetCore.Mvc.Infrastructure.ControllerActionInvoker|After executing action result Microsoft.AspNetCore.Mvc.OkObjectResult. 
2023-07-18 22:59:24.0322|2|TRACE|Microsoft.AspNetCore.Mvc.Infrastructure.ControllerActionInvoker|Result Filter: Before executing OnResultExecuted on filter Microsoft.AspNetCore.Mvc.Infrastructure.ClientErrorResultFilter. 
2023-07-18 22:59:24.0322|3|TRACE|Microsoft.AspNetCore.Mvc.Infrastructure.ControllerActionInvoker|Result Filter: After executing OnResultExecuted on filter Microsoft.AspNetCore.Mvc.Infrastructure.ClientErrorResultFilter. 
2023-07-18 22:59:24.0322|2|INFO|Microsoft.AspNetCore.Mvc.Infrastructure.ControllerActionInvoker|Executed action BudgetAPI.Controllers.BudgetController.GetAll (BudgetAPI) in 511.1996ms 
2023-07-18 22:59:24.0322|1|INFO|Microsoft.AspNetCore.Routing.EndpointMiddleware|Executed endpoint 'BudgetAPI.Controllers.BudgetController.GetAll (BudgetAPI)' 
2023-07-18 22:59:41.5325|0|ERROR|BudgetAPI.Middleware.RequestTimeMiddleware|Request Method GET at /api/budget took 8742  milliseconds 
2023-07-18 22:59:41.5521|2|INFO|Microsoft.AspNetCore.Hosting.Diagnostics|Request finished HTTP/1.1 GET https://localhost:44355/api/budget - - - 200 - application/json;+charset=utf-8 24907.8496ms 
